GROUP,PACKAGE,CLASS,INSTRUCTION_MISSED,INSTRUCTION_COVERED,BRANCH_MISSED,BRANCH_COVERED,LINE_MISSED,LINE_COVERED,COMPLEXITY_MISSED,COMPLEXITY_COVERED,METHOD_MISSED,METHOD_COVERED
transaction-generator,default,ItemOnList,3,18,0,0,1,7,1,3,1,3
transaction-generator,default,TransactionGenerator,0,118,0,0,0,23,0,9,0,9
transaction-generator,default,JsonObject,0,18,0,0,0,7,0,1,0,1
transaction-generator,default,InputParser,6,421,0,16,3,86,0,21,0,13
transaction-generator,default,Application,29,218,0,6,6,41,1,10,1,7
